This is pdfTeX, Version 3.1415926-2.5-1.40.14 (TeX Live 2013/W32TeX) (format=pdflatex 2013.12.9)  11 FEB 2014 00:57
entering extended mode
 restricted \write18 enabled.
 %&-line parsing enabled.
**project_proposal.tex
(./project_proposal.tex
LaTeX2e <2011/06/27>
Babel <3.9h> and hyphenation patterns for 78 languages loaded.
(c:/texlive/2013/texmf-dist/tex/latex/base/article.cls
Document Class: article 2007/10/19 v1.4h Standard LaTeX document class
(c:/texlive/2013/texmf-dist/tex/latex/base/size11.clo
File: size11.clo 2007/10/19 v1.4h Standard LaTeX file (size option)
)
\c@part=\count79
\c@section=\count80
\c@subsection=\count81
\c@subsubsection=\count82
\c@paragraph=\count83
\c@subparagraph=\count84
\c@figure=\count85
\c@table=\count86
\abovecaptionskip=\skip41
\belowcaptionskip=\skip42
\bibindent=\dimen102
)
(c:/texlive/2013/texmf-dist/tex/latex/geometry/geometry.sty
Package: geometry 2010/09/12 v5.6 Page Geometry

(c:/texlive/2013/texmf-dist/tex/latex/graphics/keyval.sty
Package: keyval 1999/03/16 v1.13 key=value parser (DPC)
\KV@toks@=\toks14
)
(c:/texlive/2013/texmf-dist/tex/generic/oberdiek/ifpdf.sty
Package: ifpdf 2011/01/30 v2.3 Provides the ifpdf switch (HO)
Package ifpdf Info: pdfTeX in PDF mode is detected.
)
(c:/texlive/2013/texmf-dist/tex/generic/oberdiek/ifvtex.sty
Package: ifvtex 2010/03/01 v1.5 Detect VTeX and its facilities (HO)
Package ifvtex Info: VTeX not detected.
)
(c:/texlive/2013/texmf-dist/tex/generic/ifxetex/ifxetex.sty
Package: ifxetex 2010/09/12 v0.6 Provides ifxetex conditional
)
\Gm@cnth=\count87
\Gm@cntv=\count88
\c@Gm@tempcnt=\count89
\Gm@bindingoffset=\dimen103
\Gm@wd@mp=\dimen104
\Gm@odd@mp=\dimen105
\Gm@even@mp=\dimen106
\Gm@layoutwidth=\dimen107
\Gm@layoutheight=\dimen108
\Gm@layouthoffset=\dimen109
\Gm@layoutvoffset=\dimen110
\Gm@dimlist=\toks15
)
(c:/texlive/2013/texmf-dist/tex/latex/preprint/fullpage.sty
Package: fullpage 1999/02/23 1.1 (PWD)
\FP@margin=\skip43
)
(c:/texlive/2013/texmf-dist/tex/latex/titlesec/titlesec.sty
Package: titlesec 2011/12/15 v2.10.0 Sectioning titles
\ttl@box=\box26
\beforetitleunit=\skip44
\aftertitleunit=\skip45
\ttl@plus=\dimen111
\ttl@minus=\dimen112
\ttl@toksa=\toks16
\titlewidth=\dimen113
\titlewidthlast=\dimen114
\titlewidthfirst=\dimen115
)
(c:/texlive/2013/texmf-dist/tex/latex/graphics/graphicx.sty
Package: graphicx 1999/02/16 v1.0f Enhanced LaTeX Graphics (DPC,SPQR)

(c:/texlive/2013/texmf-dist/tex/latex/graphics/graphics.sty
Package: graphics 2009/02/05 v1.0o Standard LaTeX Graphics (DPC,SPQR)

(c:/texlive/2013/texmf-dist/tex/latex/graphics/trig.sty
Package: trig 1999/03/16 v1.09 sin cos tan (DPC)
)
(c:/texlive/2013/texmf-dist/tex/latex/latexconfig/graphics.cfg
File: graphics.cfg 2010/04/23 v1.9 graphics configuration of TeX Live
)
Package graphics Info: Driver file: pdftex.def on input line 91.

(c:/texlive/2013/texmf-dist/tex/latex/pdftex-def/pdftex.def
File: pdftex.def 2011/05/27 v0.06d Graphics/color for pdfTeX

(c:/texlive/2013/texmf-dist/tex/generic/oberdiek/infwarerr.sty
Package: infwarerr 2010/04/08 v1.3 Providing info/warning/error messages (HO)
)
(c:/texlive/2013/texmf-dist/tex/generic/oberdiek/ltxcmds.sty
Package: ltxcmds 2011/11/09 v1.22 LaTeX kernel commands for general use (HO)
)
\Gread@gobject=\count90
))
\Gin@req@height=\dimen116
\Gin@req@width=\dimen117
)
(c:/texlive/2013/texmf-dist/tex/latex/hyperref/hyperref.sty
Package: hyperref 2012/11/06 v6.83m Hypertext links for LaTeX

(c:/texlive/2013/texmf-dist/tex/generic/oberdiek/hobsub-hyperref.sty
Package: hobsub-hyperref 2012/05/28 v1.13 Bundle oberdiek, subset hyperref (HO)


(c:/texlive/2013/texmf-dist/tex/generic/oberdiek/hobsub-generic.sty
Package: hobsub-generic 2012/05/28 v1.13 Bundle oberdiek, subset generic (HO)
Package: hobsub 2012/05/28 v1.13 Construct package bundles (HO)
Package hobsub Info: Skipping package `infwarerr' (already loaded).
Package hobsub Info: Skipping package `ltxcmds' (already loaded).
Package: ifluatex 2010/03/01 v1.3 Provides the ifluatex switch (HO)
Package ifluatex Info: LuaTeX not detected.
Package hobsub Info: Skipping package `ifvtex' (already loaded).
Package: intcalc 2007/09/27 v1.1 Expandable calculations with integers (HO)
Package hobsub Info: Skipping package `ifpdf' (already loaded).
Package: etexcmds 2011/02/16 v1.5 Avoid name clashes with e-TeX commands (HO)
Package etexcmds Info: Could not find \expanded.
(etexcmds)             That can mean that you are not using pdfTeX 1.50 or
(etexcmds)             that some package has redefined \expanded.
(etexcmds)             In the latter case, load this package earlier.
Package: kvsetkeys 2012/04/25 v1.16 Key value parser (HO)
Package: kvdefinekeys 2011/04/07 v1.3 Define keys (HO)
Package: pdftexcmds 2011/11/29 v0.20 Utility functions of pdfTeX for LuaTeX (HO
)
Package pdftexcmds Info: LuaTeX not detected.
Package pdftexcmds Info: \pdf@primitive is available.
Package pdftexcmds Info: \pdf@ifprimitive is available.
Package pdftexcmds Info: \pdfdraftmode found.
Package: pdfescape 2011/11/25 v1.13 Implements pdfTeX's escape features (HO)
Package: bigintcalc 2012/04/08 v1.3 Expandable calculations on big integers (HO
)
Package: bitset 2011/01/30 v1.1 Handle bit-vector datatype (HO)
Package: uniquecounter 2011/01/30 v1.2 Provide unlimited unique counter (HO)
)
Package hobsub Info: Skipping package `hobsub' (already loaded).
Package: letltxmacro 2010/09/02 v1.4 Let assignment for LaTeX macros (HO)
Package: hopatch 2012/05/28 v1.2 Wrapper for package hooks (HO)
Package: xcolor-patch 2011/01/30 xcolor patch
Package: atveryend 2011/06/30 v1.8 Hooks at the very end of document (HO)
Package atveryend Info: \enddocument detected (standard20110627).
Package: atbegshi 2011/10/05 v1.16 At begin shipout hook (HO)
Package: refcount 2011/10/16 v3.4 Data extraction from label references (HO)
Package: hycolor 2011/01/30 v1.7 Color options for hyperref/bookmark (HO)
)
(c:/texlive/2013/texmf-dist/tex/latex/oberdiek/auxhook.sty
Package: auxhook 2011/03/04 v1.3 Hooks for auxiliary files (HO)
)
(c:/texlive/2013/texmf-dist/tex/latex/oberdiek/kvoptions.sty
Package: kvoptions 2011/06/30 v3.11 Key value format for package options (HO)
)
\@linkdim=\dimen118
\Hy@linkcounter=\count91
\Hy@pagecounter=\count92

(c:/texlive/2013/texmf-dist/tex/latex/hyperref/pd1enc.def
File: pd1enc.def 2012/11/06 v6.83m Hyperref: PDFDocEncoding definition (HO)
)
\Hy@SavedSpaceFactor=\count93

(c:/texlive/2013/texmf-dist/tex/latex/latexconfig/hyperref.cfg
File: hyperref.cfg 2002/06/06 v1.2 hyperref configuration of TeXLive
)
Package hyperref Info: Hyper figures OFF on input line 4443.
Package hyperref Info: Link nesting OFF on input line 4448.
Package hyperref Info: Hyper index ON on input line 4451.
Package hyperref Info: Plain pages OFF on input line 4458.
Package hyperref Info: Backreferencing OFF on input line 4463.
Package hyperref Info: Implicit mode ON; LaTeX internals redefined.
Package hyperref Info: Bookmarks ON on input line 4688.
\c@Hy@tempcnt=\count94

(c:/texlive/2013/texmf-dist/tex/latex/url/url.sty
\Urlmuskip=\muskip10
Package: url 2006/04/12  ver 3.3  Verb mode for urls, etc.
)
LaTeX Info: Redefining \url on input line 5041.
\XeTeXLinkMargin=\dimen119
\Fld@menulength=\count95
\Field@Width=\dimen120
\Fld@charsize=\dimen121
Package hyperref Info: Hyper figures OFF on input line 6295.
Package hyperref Info: Link nesting OFF on input line 6300.
Package hyperref Info: Hyper index ON on input line 6303.
Package hyperref Info: backreferencing OFF on input line 6310.
Package hyperref Info: Link coloring OFF on input line 6315.
Package hyperref Info: Link coloring with OCG OFF on input line 6320.
Package hyperref Info: PDF/A mode OFF on input line 6325.
LaTeX Info: Redefining \ref on input line 6365.
LaTeX Info: Redefining \pageref on input line 6369.
\Hy@abspage=\count96
\c@Item=\count97
\c@Hfootnote=\count98
)

Package hyperref Message: Driver (autodetected): hpdftex.

(c:/texlive/2013/texmf-dist/tex/latex/hyperref/hpdftex.def
File: hpdftex.def 2012/11/06 v6.83m Hyperref driver for pdfTeX
\Fld@listcount=\count99
\c@bookmark@seq@number=\count100

(c:/texlive/2013/texmf-dist/tex/latex/oberdiek/rerunfilecheck.sty
Package: rerunfilecheck 2011/04/15 v1.7 Rerun checks for auxiliary files (HO)
Package uniquecounter Info: New unique counter `rerunfilecheck' on input line 2
82.
)
\Hy@SectionHShift=\skip46
)
Package hyperref Info: Option `colorlinks' set `true' on input line 11.

(./project_proposal.aux)
\openout1 = `project_proposal.aux'.

LaTeX Font Info:    Checking defaults for OML/cmm/m/it on input line 23.
LaTeX Font Info:    ... okay on input line 23.
LaTeX Font Info:    Checking defaults for T1/cmr/m/n on input line 23.
LaTeX Font Info:    ... okay on input line 23.
LaTeX Font Info:    Checking defaults for OT1/cmr/m/n on input line 23.
LaTeX Font Info:    ... okay on input line 23.
LaTeX Font Info:    Checking defaults for OMS/cmsy/m/n on input line 23.
LaTeX Font Info:    ... okay on input line 23.
LaTeX Font Info:    Checking defaults for OMX/cmex/m/n on input line 23.
LaTeX Font Info:    ... okay on input line 23.
LaTeX Font Info:    Checking defaults for U/cmr/m/n on input line 23.
LaTeX Font Info:    ... okay on input line 23.
LaTeX Font Info:    Checking defaults for PD1/pdf/m/n on input line 23.
LaTeX Font Info:    ... okay on input line 23.

*geometry* driver: auto-detecting
*geometry* detected driver: pdftex
*geometry* verbose mode - [ preamble ] result:
* driver: pdftex
* paper: custom
* layout: <same size as paper>
* layoutoffset:(h,v)=(0.0pt,0.0pt)
* modes: 
* h-part:(L,W,R)=(92.14519pt, 430.00462pt, 92.14519pt)
* v-part:(T,H,B)=(95.39737pt, 556.47656pt, 143.09605pt)
* \paperwidth=614.295pt
* \paperheight=794.96999pt
* \textwidth=528.93675pt
* \textheight=679.61174pt
* \oddsidemargin=-29.59087pt
* \evensidemargin=-29.59087pt
* \topmargin=-29.59087pt
* \headheight=0.0pt
* \headsep=0.0pt
* \topskip=11.0pt
* \footskip=30.0pt
* \marginparwidth=4.0pt
* \marginparsep=10.0pt
* \columnsep=10.0pt
* \skip\footins=10.0pt plus 4.0pt minus 2.0pt
* \hoffset=0.0pt
* \voffset=0.0pt
* \mag=1000
* \@twocolumntrue
* \@twosidefalse
* \@mparswitchfalse
* \@reversemarginfalse
* (1in=72.27pt=25.4mm, 1cm=28.453pt)

(c:/texlive/2013/texmf-dist/tex/context/base/supp-pdf.mkii
[Loading MPS to PDF converter (version 2006.09.02).]
\scratchcounter=\count101
\scratchdimen=\dimen122
\scratchbox=\box27
\nofMPsegments=\count102
\nofMParguments=\count103
\everyMPshowfont=\toks17
\MPscratchCnt=\count104
\MPscratchDim=\dimen123
\MPnumerator=\count105
\makeMPintoPDFobject=\count106
\everyMPtoPDFconversion=\toks18
) (c:/texlive/2013/texmf-dist/tex/latex/oberdiek/epstopdf-base.sty
Package: epstopdf-base 2010/02/09 v2.5 Base part for package epstopdf

(c:/texlive/2013/texmf-dist/tex/latex/oberdiek/grfext.sty
Package: grfext 2010/08/19 v1.1 Manage graphics extensions (HO)
)
Package grfext Info: Graphics extension search list:
(grfext)             [.png,.pdf,.jpg,.mps,.jpeg,.jbig2,.jb2,.PNG,.PDF,.JPG,.JPE
G,.JBIG2,.JB2,.eps]
(grfext)             \AppendGraphicsExtensions on input line 452.

(c:/texlive/2013/texmf-dist/tex/latex/latexconfig/epstopdf-sys.cfg
File: epstopdf-sys.cfg 2010/07/13 v1.3 Configuration of (r)epstopdf for TeX Liv
e
))
\AtBeginShipoutBox=\box28

(c:/texlive/2013/texmf-dist/tex/latex/graphics/color.sty
Package: color 2005/11/14 v1.0j Standard LaTeX Color (DPC)

(c:/texlive/2013/texmf-dist/tex/latex/latexconfig/color.cfg
File: color.cfg 2007/01/18 v1.5 color configuration of teTeX/TeXLive
)
Package color Info: Driver file: pdftex.def on input line 130.
)
Package hyperref Info: Link coloring ON on input line 23.

(c:/texlive/2013/texmf-dist/tex/latex/hyperref/nameref.sty
Package: nameref 2012/10/27 v2.43 Cross-referencing by name of section

(c:/texlive/2013/texmf-dist/tex/generic/oberdiek/gettitlestring.sty
Package: gettitlestring 2010/12/03 v1.4 Cleanup title references (HO)
)
\c@section@level=\count107
)
LaTeX Info: Redefining \ref on input line 23.
LaTeX Info: Redefining \pageref on input line 23.
LaTeX Info: Redefining \nameref on input line 23.

(./project_proposal.out) (./project_proposal.out)
\@outlinefile=\write3
\openout3 = `project_proposal.out'.

LaTeX Font Info:    External font `cmex10' loaded for size
(Font)              <12> on input line 26.
LaTeX Font Info:    External font `cmex10' loaded for size
(Font)              <8> on input line 26.
LaTeX Font Info:    External font `cmex10' loaded for size
(Font)              <6> on input line 26.
LaTeX Font Info:    External font `cmex10' loaded for size
(Font)              <10.95> on input line 42.
 [1{c:/texlive/2013/texmf-var/fonts/map/pdftex/updmap/pdftex.map}


]
Package epstopdf Info: Source file: <dragon_full.eps>
(epstopdf)                    date: 2014-02-09 23:16:53
(epstopdf)                    size: 4036690 bytes
(epstopdf)             Output file: <dragon_full-eps-converted-to.pdf>
(epstopdf)                    date: 2014-02-09 23:26:57
(epstopdf)                    size: 233686 bytes
(epstopdf)             Command: <repstopdf --outfile=dragon_full-eps-converted-
to.pdf dragon_full.eps>
(epstopdf)             \includegraphics on input line 56.
Package epstopdf Info: Output file is already uptodate.

<dragon_full-eps-converted-to.pdf, id=46, 1061.9675pt x 795.97375pt>
File: dragon_full-eps-converted-to.pdf Graphic file (type pdf)

<use dragon_full-eps-converted-to.pdf>
Package pdftex.def Info: dragon_full-eps-converted-to.pdf used on input line 56
.
(pdftex.def)             Requested size: 241.03893pt x 180.67499pt.
Package epstopdf Info: Source file: <firewall.eps>
(epstopdf)                    date: 2014-02-09 23:18:08
(epstopdf)                    size: 1886490 bytes
(epstopdf)             Output file: <firewall-eps-converted-to.pdf>
(epstopdf)                    date: 2014-02-09 23:27:01
(epstopdf)                    size: 216117 bytes
(epstopdf)             Command: <repstopdf --outfile=firewall-eps-converted-to.
pdf firewall.eps>
(epstopdf)             \includegraphics on input line 63.
Package epstopdf Info: Output file is already uptodate.

<firewall-eps-converted-to.pdf, id=47, 642.4pt x 401.5pt>
File: firewall-eps-converted-to.pdf Graphic file (type pdf)

<use firewall-eps-converted-to.pdf>
Package pdftex.def Info: firewall-eps-converted-to.pdf used on input line 63.
(pdftex.def)             Requested size: 180.67456pt x 180.67944pt.
Package epstopdf Info: Source file: <wolf.eps>
(epstopdf)                    date: 2014-02-09 23:18:52
(epstopdf)                    size: 2573630 bytes
(epstopdf)             Output file: <wolf-eps-converted-to.pdf>
(epstopdf)                    date: 2014-02-09 23:27:12
(epstopdf)                    size: 113922 bytes
(epstopdf)             Command: <repstopdf --outfile=wolf-eps-converted-to.pdf 
wolf.eps>
(epstopdf)             \includegraphics on input line 70.
Package epstopdf Info: Output file is already uptodate.

<wolf-eps-converted-to.pdf, id=48, 803.0pt x 803.0pt>
File: wolf-eps-converted-to.pdf Graphic file (type pdf)

<use wolf-eps-converted-to.pdf>
Package pdftex.def Info: wolf-eps-converted-to.pdf used on input line 70.
(pdftex.def)             Requested size: 180.6672pt x 180.67499pt.
Package epstopdf Info: Source file: <dragon_puff.eps>
(epstopdf)                    date: 2014-02-09 23:17:34
(epstopdf)                    size: 4357466 bytes
(epstopdf)             Output file: <dragon_puff-eps-converted-to.pdf>
(epstopdf)                    date: 2014-02-09 23:27:04
(epstopdf)                    size: 206495 bytes
(epstopdf)             Command: <repstopdf --outfile=dragon_puff-eps-converted-
to.pdf dragon_puff.eps>
(epstopdf)             \includegraphics on input line 80.
Package epstopdf Info: Output file is already uptodate.

<dragon_puff-eps-converted-to.pdf, id=49, 1284.8pt x 963.6pt>
File: dragon_puff-eps-converted-to.pdf Graphic file (type pdf)

<use dragon_puff-eps-converted-to.pdf>
Package pdftex.def Info: dragon_puff-eps-converted-to.pdf used on input line 80
.
(pdftex.def)             Requested size: 240.89941pt x 180.67499pt.
Package epstopdf Info: Source file: <firecone.eps>
(epstopdf)                    date: 2014-02-09 23:12:18
(epstopdf)                    size: 1674274 bytes
(epstopdf)             Output file: <firecone-eps-converted-to.pdf>
(epstopdf)                    date: 2014-02-09 23:30:06
(epstopdf)                    size: 156728 bytes
(epstopdf)             Command: <repstopdf --outfile=firecone-eps-converted-to.
pdf firecone.eps>
(epstopdf)             \includegraphics on input line 87.
Package epstopdf Info: Output file is already uptodate.

<firecone-eps-converted-to.pdf, id=50, 481.8pt x 481.8pt>
File: firecone-eps-converted-to.pdf Graphic file (type pdf)

<use firecone-eps-converted-to.pdf>
Package pdftex.def Info: firecone-eps-converted-to.pdf used on input line 87.
(pdftex.def)             Requested size: 180.67455pt x 180.67499pt.
Package epstopdf Info: Source file: <lion.eps>
(epstopdf)                    date: 2014-02-09 23:18:34
(epstopdf)                    size: 2532442 bytes
(epstopdf)             Output file: <lion-eps-converted-to.pdf>
(epstopdf)                    date: 2014-02-09 23:27:15
(epstopdf)                    size: 105429 bytes
(epstopdf)             Command: <repstopdf --outfile=lion-eps-converted-to.pdf 
lion.eps>
(epstopdf)             \includegraphics on input line 94.
Package epstopdf Info: Output file is already uptodate.

<lion-eps-converted-to.pdf, id=51, 803.0pt x 803.0pt>
File: lion-eps-converted-to.pdf Graphic file (type pdf)

<use lion-eps-converted-to.pdf>
Package pdftex.def Info: lion-eps-converted-to.pdf used on input line 94.
(pdftex.def)             Requested size: 180.6672pt x 180.67499pt.
 [2

 <./dragon_full-eps-converted-to.pdf> <./firewall-eps-converted-to.pdf> <./wolf
-eps-converted-to.pdf> <./dragon_puff-eps-converted-to.pdf> <./firecone-eps-con
verted-to.pdf> <./lion-eps-converted-to.pdf>] (./project_proposal.bbl
Underfull \hbox (badness 7631) in paragraph at lines 12--17
\OT1/cmr/m/n/10.95 Fed-kiw, Michael Lentine, and Craig
 []


Underfull \hbox (badness 2253) in paragraph at lines 12--17
\OT1/cmr/m/it/10.95 Courses\OT1/cmr/m/n/10.95 , SIG-GRAPH '11, pages 10:1--
 []


Underfull \hbox (badness 1502) in paragraph at lines 24--27
[]\OT1/cmr/m/n/10.95 Barbara Robert-son.  Train-ing ex-er-cise.
 []


Underfull \hbox (badness 4193) in paragraph at lines 29--34
[]\OT1/cmr/m/n/10.95 Yubo Zhang, Car-los D. Cor-rea, and
 []


Underfull \hbox (badness 1137) in paragraph at lines 29--34
\OT1/cmr/m/n/10.95 sis.  In \OT1/cmr/m/it/10.95 Pro-ceed-ings of the 2011 ACM
 []

)
Package atveryend Info: Empty hook `BeforeClearDocument' on input line 102.
 [3


]
Package atveryend Info: Empty hook `AfterLastShipout' on input line 102.
 (./project_proposal.aux)
Package atveryend Info: Executing hook `AtVeryEndDocument' on input line 102.
Package atveryend Info: Executing hook `AtEndAfterFileList' on input line 102.
Package rerunfilecheck Info: File `project_proposal.out' has not changed.
(rerunfilecheck)             Checksum: B3547A0846D6F982A11F52A6F5C3FD04;180.
Package atveryend Info: Empty hook `AtVeryVeryEnd' on input line 102.
 ) 
Here is how much of TeX's memory you used:
 5888 strings out of 493308
 87439 string characters out of 6141361
 183410 words of memory out of 5000000
 9282 multiletter control sequences out of 15000+600000
 8414 words of font info for 30 fonts, out of 8000000 for 9000
 957 hyphenation exceptions out of 8191
 29i,8n,31p,1767b,316s stack positions out of 5000i,500n,10000p,200000b,80000s
<c:/texlive/2013/texmf-dist/fonts/type1/public/amsfonts/cm/cmbx10.pfb><c:/tex
live/2013/texmf-dist/fonts/type1/public/amsfonts/cm/cmr10.pfb><c:/texlive/2013/
texmf-dist/fonts/type1/public/amsfonts/cm/cmr12.pfb><c:/texlive/2013/texmf-dist
/fonts/type1/public/amsfonts/cm/cmr17.pfb><c:/texlive/2013/texmf-dist/fonts/typ
e1/public/amsfonts/cm/cmr8.pfb><c:/texlive/2013/texmf-dist/fonts/type1/public/a
msfonts/cm/cmti10.pfb><c:/texlive/2013/texmf-dist/fonts/type1/public/amsfonts/c
m/cmtt12.pfb>
Output written on project_proposal.pdf (3 pages, 1023228 bytes).
PDF statistics:
 115 PDF objects out of 1000 (max. 8388607)
 90 compressed objects within 1 object stream
 19 named destinations out of 1000 (max. 500000)
 63 words of extra memory for PDF output out of 10000 (max. 10000000)

